<?xml version="1.0" encoding="UTF-8" ?>
<testsuite tests="5" failures="0" name="com.re.vendingmachine.dao.VendingMachineDaoTest" time="0.104" errors="0" skipped="0">
  <properties>
[...]
</properties>
  <testcase classname="com.re.vendingmachine.dao.VendingMachineDaoTest" name="com.re.vendingmachine.dao.VendingMachineDaoTest.testAddGetItem" time="0.001"/>
  <testcase classname="com.re.vendingmachine.dao.VendingMachineDaoTest" name="com.re.vendingmachine.dao.VendingMachineDaoTest.testWriteInventory" time="0.098"/>
  <testcase classname="com.re.vendingmachine.dao.VendingMachineDaoTest" name="com.re.vendingmachine.dao.VendingMachineDaoTest.testLoadInventory" time="0.005"/>
  <testcase classname="com.re.vendingmachine.dao.VendingMachineDaoTest" name="com.re.vendingmachine.dao.VendingMachineDaoTest.testRemoveItem" time="0"/>
  <testcase classname="com.re.vendingmachine.dao.VendingMachineDaoTest" name="com.re.vendingmachine.dao.VendingMachineDaoTest.testGetFullItemList" time="0"/>
</testsuite>