<?xml version="1.0" encoding="UTF-8"?>
<testsuite xmlns:xsi="http://www.w3.org/2001/XMLSchema-instance" xsi:noNamespaceSchemaLocation="https://maven.apache.org/surefire/maven-surefire-plugin/xsd/surefire-test-report.xsd" name="com.re.bracket.dao.UserDaoTest" time="0.001" tests="5" errors="0" skipped="0" failures="0">
  <properties>
[...]
</properties>
  <testcase name="testWriteUsers" classname="com.re.bracket.dao.UserDaoTest" time="0"/>
  <testcase name="testGetAllUsers" classname="com.re.bracket.dao.UserDaoTest" time="0"/>
  <testcase name="testRemoveUser" classname="com.re.bracket.dao.UserDaoTest" time="0"/>
  <testcase name="testAddGetUser" classname="com.re.bracket.dao.UserDaoTest" time="0"/>
  <testcase name="testLoadUsers" classname="com.re.bracket.dao.UserDaoTest" time="0"/>
</testsuite>