<?xml version="1.0" encoding="UTF-8"?>
<testsuite xmlns:xsi="http://www.w3.org/2001/XMLSchema-instance" xsi:noNamespaceSchemaLocation="https://maven.apache.org/surefire/maven-surefire-plugin/xsd/surefire-test-report.xsd" name="com.re.bracket.dao.TournamentDaoTest" time="0.038" tests="23" errors="0" skipped="0" failures="0">
  <properties>
[...]
</properties>
  <testcase name="testWriteTournaments" classname="com.re.bracket.dao.TournamentDaoTest" time="0"/>
  <testcase name="testLoadGame" classname="com.re.bracket.dao.TournamentDaoTest" time="0"/>
  <testcase name="testLoadType" classname="com.re.bracket.dao.TournamentDaoTest" time="0"/>
  <testcase name="testLoadMatchUps" classname="com.re.bracket.dao.TournamentDaoTest" time="0"/>
  <testcase name="testGetAllGames" classname="com.re.bracket.dao.TournamentDaoTest" time="0.013"/>
  <testcase name="testRemoveTournament" classname="com.re.bracket.dao.TournamentDaoTest" time="0.006"/>
  <testcase name="testLoadSeries" classname="com.re.bracket.dao.TournamentDaoTest" time="0"/>
  <testcase name="testLoadS1Format" classname="com.re.bracket.dao.TournamentDaoTest" time="0"/>
  <testcase name="testWriteGame" classname="com.re.bracket.dao.TournamentDaoTest" time="0"/>
  <testcase name="testWriteType" classname="com.re.bracket.dao.TournamentDaoTest" time="0.001"/>
  <testcase name="testRemoveSeries" classname="com.re.bracket.dao.TournamentDaoTest" time="0.001"/>
  <testcase name="testGetAllTournaments" classname="com.re.bracket.dao.TournamentDaoTest" time="0"/>
  <testcase name="testWriteMatchUps" classname="com.re.bracket.dao.TournamentDaoTest" time="0"/>
  <testcase name="testRemoveGame" classname="com.re.bracket.dao.TournamentDaoTest" time="0"/>
  <testcase name="testGetAllSeries" classname="com.re.bracket.dao.TournamentDaoTest" time="0"/>
  <testcase name="testWriteSeries" classname="com.re.bracket.dao.TournamentDaoTest" time="0.002"/>
  <testcase name="testLoadParticipants" classname="com.re.bracket.dao.TournamentDaoTest" time="0"/>
  <testcase name="testAddGetGame" classname="com.re.bracket.dao.TournamentDaoTest" time="0"/>
  <testcase name="testWriteS1Format" classname="com.re.bracket.dao.TournamentDaoTest" time="0"/>
  <testcase name="testWriteParticipants" classname="com.re.bracket.dao.TournamentDaoTest" time="0"/>
  <testcase name="testLoadTournaments" classname="com.re.bracket.dao.TournamentDaoTest" time="0.001"/>
  <testcase name="testAddGetSeries" classname="com.re.bracket.dao.TournamentDaoTest" time="0.001"/>
  <testcase name="testAddGetTournament" classname="com.re.bracket.dao.TournamentDaoTest" time="0"/>
</testsuite>